\BOOKMARK [-1][-]{part.1}{I Compile and Install LIB\137VTK\137IO}{}
\BOOKMARK [-1][-]{part.2}{II LIB\137VTK\137IO API}{}
\BOOKMARK [0][-]{chapter.1}{Module LIB\137VTK\137IO}{part.2}
\BOOKMARK [0][-]{chapter.2}{Auxiliary functions}{part.2}
\BOOKMARK [1][-]{section.2.1}{Function GetUnit}{chapter.2}
\BOOKMARK [1][-]{section.2.2}{Function Upper\137Case}{chapter.2}
\BOOKMARK [0][-]{chapter.3}{VTK LEGACY functions}{part.2}
\BOOKMARK [1][-]{section.3.1}{Function VTK\137INI}{chapter.3}
\BOOKMARK [1][-]{section.3.2}{VTK\137GEO}{chapter.3}
\BOOKMARK [2][-]{subsection.3.2.1}{VTK\137GEO STRUCTURED POINTS}{section.3.2}
\BOOKMARK [2][-]{subsection.3.2.2}{VTK\137GEO STRUCTURED GRID}{section.3.2}
\BOOKMARK [2][-]{subsection.3.2.3}{VTK\137GEO RECTILINEAR GRID}{section.3.2}
\BOOKMARK [2][-]{subsection.3.2.4}{VTK\137GEO UNSTRUCTURED GRID}{section.3.2}
\BOOKMARK [1][-]{section.3.3}{Function VTK\137CON}{chapter.3}
\BOOKMARK [1][-]{section.3.4}{Function VTK\137DAT}{chapter.3}
\BOOKMARK [1][-]{section.3.5}{VTK\137VAR}{chapter.3}
\BOOKMARK [2][-]{subsection.3.5.1}{VTK\137VAR SCALAR DATA}{section.3.5}
\BOOKMARK [2][-]{subsection.3.5.2}{VTK\137VAR REAL VECTORIAL DATA}{section.3.5}
\BOOKMARK [2][-]{subsection.3.5.3}{VTK\137VAR INTEGER VECTORIAL DATA}{section.3.5}
\BOOKMARK [2][-]{subsection.3.5.4}{VTK\137VAR TEXTURE DATA}{section.3.5}
\BOOKMARK [1][-]{section.3.6}{Function VTK\137END}{chapter.3}
\BOOKMARK [0][-]{chapter.4}{VTK XML functions}{part.2}
\BOOKMARK [1][-]{section.4.1}{Function VTK\137INI\137XML}{chapter.4}
\BOOKMARK [1][-]{section.4.2}{VTK\137GEO\137XML}{chapter.4}
\BOOKMARK [2][-]{subsection.4.2.1}{VTK\137GEO\137XML STRUCTURED GRID}{section.4.2}
\BOOKMARK [2][-]{subsection.4.2.2}{VTK\137GEO\137XML RECTILINEAR GRID}{section.4.2}
\BOOKMARK [2][-]{subsection.4.2.3}{VTK\137GEO\137XML UNSTRUCTURED GRID}{section.4.2}
\BOOKMARK [2][-]{subsection.4.2.4}{VTK\137GEO\137XML CLOSE PIECE}{section.4.2}
\BOOKMARK [1][-]{section.4.3}{Function VTK\137CON\137XML}{chapter.4}
\BOOKMARK [1][-]{section.4.4}{Function VTK\137DAT\137XML}{chapter.4}
\BOOKMARK [1][-]{section.4.5}{VTK\137VAR\137XML}{chapter.4}
\BOOKMARK [2][-]{subsection.4.5.1}{VTK\137VAR\137XML SCALAR DATA}{section.4.5}
\BOOKMARK [2][-]{subsection.4.5.2}{VTK\137VAR\137XML VECTORIAL DATA}{section.4.5}
\BOOKMARK [1][-]{section.4.6}{Function VTK\137END\137XML}{chapter.4}
